<?xml version="1.0" encoding="utf-8" standalone="no"?>
<test-run id="0" name="MethodsNUnitTests.dll" fullname="D:\c#\NumericMethodsLab1\MethodsNUnitTests\bin\Debug\fine-code-coverage\build-output\MethodsNUnitTests.dll" runstate="Runnable" testcasecount="0" result="Skipped" label="NoTests" total="0" passed="0" failed="0" warnings="0" inconclusive="0" skipped="0" asserts="0" engine-version="3.15.3.0" clr-version="4.0.30319.42000" start-time="2023-05-10 22:31:24Z" end-time="2023-05-10 22:31:24Z" duration="0.001157">
  <command-line><![CDATA["C:\Users\Алина\AppData\Local\FineCodeCoverage\msTestPlatform\16.9.1\tools\net451\Common7\IDE\Extensions\TestPlatform\vstest.console.exe" "D:\c#\NumericMethodsLab1\MethodsNUnitTests\bin\Debug\fine-code-coverage\build-output\MethodsNUnitTests.dll" /Settings:"D:\c#\NumericMethodsLab1\MethodsNUnitTests\paralell.runsettings"]]></command-line>
  <test-suite type="Assembly" id="0-1" name="MethodsNUnitTests.dll" fullname="D:\c#\NumericMethodsLab1\MethodsNUnitTests\bin\Debug\fine-code-coverage\build-output\MethodsNUnitTests.dll" testcasecount="0" runstate="Runnable" result="Skipped" label="NoTests">
    <properties>
      <property name="_SKIPREASON" value="Skipping non-test assembly" />
    </properties>
    <reason>
      <message>Skipping non-test assembly</message>
    </reason>
  </test-suite>
</test-run>