<?xml version="1.0" encoding="utf-8"?>
<!DOCTYPE coverage SYSTEM "http://cobertura.sourceforge.net/xml/coverage-04.dtd">
<coverage line-rate="0.147012529119184" branch-rate="0.098959221975772" lines-covered="2335" lines-valid="15883" branches-covered="580" branches-valid="5861" complexity="5928" version="0" timestamp="1682596070">
  <sources />
  <packages>
    <package name="FluentAssertions" line-rate="0.0812373066708327" branch-rate="0.0571428571428571" complexity="4780">
      <classes>
        <class name="FluentAssertions.AggregateExceptionExtractor" filename="/_/Src/FluentAssertions/AggregateExceptionExtractor.cs" line-rate="1" branch-rate="1" complexity="NaN">
          <methods>
            <method name="OfType" signature="(System.Exception)" line-rate="1" branch-rate="1" complexity="NaN">
              <lines />
            </method>
            <method name="GetExtractedExceptions" signature="(System.Exception)" line-rate="1" branch-rate="1" complexity="NaN">
              <lines />
            </method>
          </methods>
          <lines />
        </class>
        <class name="FluentAssertions.AndConstraint`1" filename="/_/Src/FluentAssertions/AndConstraint.cs" line-rate="1" branch-rate="1" complexity="NaN">
          <methods>
            <method name="And" signature="()" line-rate="1" branch-rate="1" complexity="NaN">
              <lines />
            </method>
            <method name=".ctor" signature="(T)" line-rate="1" branch-rate="1" complexity="NaN">
              <lines />
            </method>
          </methods>
          <lines />
        </class>
        <class name="FluentAssertions.AndWhichConstraint`2" filename="/_/Src/FluentAssertions/AndWhichConstraint.cs" line-rate="1" branch-rate="1" complexity="NaN">
          <methods>
            <method name="Which" signature="()" line-rate="1" branch-rate="1" complexity="NaN">
              <lines />
            </method>
            <method name="Subject" signature="()" line-rate="1" branch-rate="1" complexity="NaN">
              <lines />
            </method>
            <method name=".ctor" signature="(TParentConstraint,TMatchedElement)" line-rate="1" branch-rate="1" complexity="NaN">
              <lines />
            </method>
            <method name=".ctor" signature="(TParentConstraint,System.Collections.Generic.IEnumerable`1&lt;TMatchedElement&gt;)" line-rate="1" branch-rate="1" complexity="NaN">
              <lines />
            </method>
            <method name="SingleOrDefault" signature="(System.Collections.Generic.IEnumerable`1&lt;TMatchedElement&gt;)" line-rate="1" branch-rate="1" complexity="NaN">
              <lines />
            </method>
          </methods>
          <lines />
        </class>
        <class name="FluentAssertions.AssertionExtensions" filename="/_/Src/FluentAssertions/AssertionExtensions.cs" line-rate="1" branch-rate="1" complexity="2">
          <methods>
            <method name="Invoking" signature="(T,System.Action`1&lt;T&gt;)" line-rate="1" branch-rate="1" complexity="NaN">
              <lines />
            </method>
            <method name="Invoking" signature="(T,System.Func`2&lt;T,TResult&gt;)" line-rate="1" branch-rate="1" complexity="NaN">
              <lines />
            </method>
            <method name="Awaiting" signature="(T,System.Func`2&lt;T,System.Threading.Tasks.Task&gt;)" line-rate="1" branch-rate="1" complexity="NaN">
              <lines />
            </method>
            <method name="Awaiting" signature="(T,System.Func`2&lt;T,System.Threading.Tasks.Task`1&lt;TResult&gt;&gt;)" line-rate="1" branch-rate="1" complexity="NaN">
              <lines />
            </method>
            <method name="Awaiting" signature="(T,System.Func`2&lt;T,System.Threading.Tasks.ValueTask&gt;)" line-rate="1" branch-rate="1" complexity="NaN">
              <lines />
            </method>
            <method name="Awaiting" signature="(T,System.Func`2&lt;T,System.Threading.Tasks.ValueTask`1&lt;TResult&gt;&gt;)" line-rate="1" branch-rate="1" complexity="NaN">
              <lines />
            </method>
            <method name="ExecutionTimeOf" signature="(T,System.Linq.Expressions.Expression`1&lt;System.Action`1&lt;T&gt;&gt;,FluentAssertions.Common.StartTimer)" line-rate="1" branch-rate="1" complexity="NaN">
              <lines />
            </method>
            <method name="ExecutionTime" signature="(System.Action,FluentAssertions.Common.StartTimer)" line-rate="1" branch-rate="1" complexity="NaN">
              <lines />
            </method>
            <method name="ExecutionTime" signature="(System.Func`1&lt;System.Threading.Tasks.Task&gt;)" line-rate="1" branch-rate="1" complexity="NaN">
              <lines />
            </method>
            <method name="Should" signature="(FluentAssertions.Specialized.ExecutionTime)" line-rate="1" branch-rate="1" complexity="NaN">
              <lines />
            </method>
            <method name="Should" signature="(System.Reflection.Assembly)" line-rate="1" branch-rate="1" complexity="NaN">
              <lines />
            </method>
            <method name="Should" signature="(System.Xml.Linq.XDocument)" line-rate="1" branch-rate="1" complexity="NaN">
              <lines />
            </method>
            <method name="Should" signature="(System.Xml.Linq.XElement)" line-rate="1" branch-rate="1" complexity="NaN">
              <lines />
            </method>
            <method name="Should" signature="(System.Xml.Linq.XAttribute)" line-rate="1" branch-rate="1" complexity="NaN">
              <lines />
            </method>
            <method name="Should" signature="(System.IO.Stream)" line-rate="1" branch-rate="1" complexity="NaN">
              <lines />
            </method>
            <method name="Should" signature="(System.IO.BufferedStream)" line-rate="1" branch-rate="1" complexity="NaN">
              <lines />
            </method>
            <method name="Enumerating" signature="(System.Func`1&lt;System.Collections.IEnumerable&gt;)" line-rate="1" branch-rate="1" complexity="NaN">
              <lines />
            </method>
            <method name="Enumerating" signature="(System.Func`1&lt;System.Collections.Generic.IEnumerable`1&lt;T&gt;&gt;)" line-rate="1" branch-rate="1" complexity="NaN">
              <lines />
            </method>
            <method name="Enumerating" signature="(T,System.Func`2&lt;T,System.Collections.Generic.IEnumerable`1&lt;TResult&gt;&gt;)" line-rate="1" branch-rate="1" complexity="NaN">
              <lines />
            </method>
            <method name="ForceEnumeration" signature="(System.Func`1&lt;System.Collections.IEnumerable&gt;)" line-rate="1" branch-rate="1" complexity="NaN">
              <lines />
            </method>
            <method name="ForceEnumeration" signature="(T,System.Func`2&lt;T,System.Collections.IEnumerable&gt;)" line-rate="1" branch-rate="1" complexity="NaN">
              <lines />
            </method>
            <method name="Should" signature="(System.Object)" line-rate="1" branch-rate="1" complexity="NaN">
              <lines />
            </method>
            <method name="Should" signature="(System.Boolean)" line-rate="1" branch-rate="1" complexity="NaN">
              <lines />
            </method>
            <method name="Should" signature="(System.Nullable`1&lt;System.Boolean&gt;)" line-rate="1" branch-rate="1" complexity="NaN">
              <lines />
            </method>
            <method name="Should" signature="(System.Net.Http.HttpResponseMessage)" line-rate="1" branch-rate="1" complexity="NaN">
              <lines />
            </method>
            <method name="Should" signature="(System.Guid)" line-rate="1" branch-rate="1" complexity="NaN">
              <lines />
            </method>
            <method name="Should" signature="(System.Nullable`1&lt;System.Guid&gt;)" line-rate="1" branch-rate="1" complexity="NaN">
              <lines />
            </method>
            <method name="Should" signature="(System.Collections.Generic.IEnumerable`1&lt;T&gt;)" line-rate="1" branch-rate="1" complexity="NaN">
              <lines />
            </method>
            <method name="Should" signature="(System.Collections.Generic.IEnumerable`1&lt;System.String&gt;)" line-rate="1" branch-rate="1" complexity="NaN">
              <lines />
            </method>
            <method name="Should" signature="(System.Collections.Generic.IDictionary`2&lt;TKey,TValue&gt;)" line-rate="1" branch-rate="1" complexity="NaN">
              <lines />
            </method>
            <method name="Should" signature="(System.Collections.Generic.IEnumerable`1&lt;System.Collections.Generic.KeyValuePair`2&lt;TKey,TValue&gt;&gt;)" line-rate="1" branch-rate="1" complexity="NaN">
              <lines />
            </method>
            <method name="Should" signature="(TCollection)" line-rate="1" branch-rate="1" complexity="NaN">
              <lines />
            </method>
            <method name="Should" signature="(System.Data.DataTableCollection)" line-rate="1" branch-rate="1" complexity="NaN">
              <lines />
            </method>
            <method name="Should" signature="(System.Data.DataColumnCollection)" line-rate="1" branch-rate="1" complexity="NaN">
              <lines />
            </method>
            <method name="Should" signature="(System.Data.DataRowCollection)" line-rate="1" branch-rate="1" complexity="NaN">
              <lines />
            </method>
            <method name="Should" signature="(System.Data.DataColumn)" line-rate="1" branch-rate="1" complexity="NaN">
              <lines />
            </method>
            <method name="Should" signature="(System.DateTime)" line-rate="1" branch-rate="1" complexity="NaN">
              <lines />
            </method>
            <method name="Should" signature="(System.DateTimeOffset)" line-rate="1" branch-rate="1" complexity="NaN">
              <lines />
            </method>
            <method name="Should" signature="(System.Nullable`1&lt;System.DateTime&gt;)" line-rate="1" branch-rate="1" complexity="NaN">
              <lines />
            </method>
            <method name="Should" signature="(System.Nullable`1&lt;System.DateTimeOffset&gt;)" line-rate="1" branch-rate="1" complexity="NaN">
              <lines />
            </method>
            <method name="Should" signature="(System.IComparable`1&lt;T&gt;)" line-rate="1" branch-rate="1" complexity="NaN">
              <lines />
            </method>
            <method name="Should" signature="(System.Int32)" line-rate="1" branch-rate="1" complexity="NaN">
              <lines />
            </method>
            <method name="Should" signature="(System.Nullable`1&lt;System.Int32&gt;)" line-rate="1" branch-rate="1" complexity="NaN">
              <lines />
            </method>
            <method name="Should" signature="(System.UInt32)" line-rate="1" branch-rate="1" complexity="NaN">
              <lines />
            </method>
            <method name="Should" signature="(System.Nullable`1&lt;System.UInt32&gt;)" line-rate="1" branch-rate="1" complexity="NaN">
              <lines />
            </method>
            <method name="Should" signature="(System.Decimal)" line-rate="1" branch-rate="1" complexity="NaN">
              <lines />
            </method>
            <method name="Should" signature="(System.Nullable`1&lt;System.Decimal&gt;)" line-rate="1" branch-rate="1" complexity="NaN">
              <lines />
            </method>
            <method name="Should" signature="(System.Byte)" line-rate="1" branch-rate="1" complexity="NaN">
              <lines />
            </method>
            <method name="Should" signature="(System.Nullable`1&lt;System.Byte&gt;)" line-rate="1" branch-rate="1" complexity="NaN">
              <lines />
            </method>
            <method name="Should" signature="(System.SByte)" line-rate="1" branch-rate="1" complexity="NaN">
              <lines />
            </method>
            <method name="Should" signature="(System.Nullable`1&lt;System.SByte&gt;)" line-rate="1" branch-rate="1" complexity="NaN">
              <lines />
            </method>
            <method name="Should" signature="(System.Int16)" line-rate="1" branch-rate="1" complexity="NaN">
              <lines />
            </method>
            <method name="Should" signature="(System.Nullable`1&lt;System.Int16&gt;)" line-rate="1" branch-rate="1" complexity="NaN">
              <lines />
            </method>
            <method name="Should" signature="(System.UInt16)" line-rate="1" branch-rate="1" complexity="NaN">
              <lines />
            </method>
            <method name="Should" signature="(System.Nullable`1&lt;System.UInt16&gt;)" line-rate="1" branch-rate="1" complexity="NaN">
              <lines />
            </method>
            <method name="Should" signature="(System.Int64)" line-rate="1" branch-rate="1" complexity="NaN">
              <lines />
            </method>
            <method name="Should" signature="(System.Nullable`1&lt;System.Int64&gt;)" line-rate="1" branch-rate="1" complexity="NaN">
              <lines />
            </method>
            <method name="Should" signature="(System.UInt64)" line-rate="1" branch-rate="1" complexity="NaN">
              <lines />
            </method>
            <method name="Should" signature="(System.Nullable`1&lt;System.UInt64&gt;)" line-rate="1" branch-rate="1" complexity="NaN">
              <lines />
            </method>
            <method name="Should" signature="(System.Single)" line-rate="1" branch-rate="1" complexity="NaN">
              <lines />
            </method>
            <method name="Should" signature="(System.Nullable`1&lt;System.Single&gt;)" line-rate="1" branch-rate="1" complexity="NaN">
              <lines />
            </method>
            <method name="Should" signature="(System.Double)" line-rate="1" branch-rate="1" complexity="NaN">
              <lines />
            </method>
            <method name="Should" signature="(System.Nullable`1&lt;System.Double&gt;)" line-rate="1" branch-rate="1" complexity="NaN">
              <lines />
            </method>
            <method name="Should" signature="(System.String)" line-rate="1" branch-rate="1" complexity="NaN">
              <lines />
            </method>
            <method name="Should" signature="(System.TimeSpan)" line-rate="1" branch-rate="1" complexity="NaN">
              <lines />
            </method>
            <method name="Should" signature="(System.Nullable`1&lt;System.TimeSpan&gt;)" line-rate="1" branch-rate="1" complexity="NaN">
              <lines />
            </method>
            <method name="Should" signature="(System.Type)" line-rate="1" branch-rate="1" complexity="NaN">
              <lines />
            </method>
            <method name="Should" signature="(FluentAssertions.Types.TypeSelector)" line-rate="1" branch-rate="1" complexity="NaN">
              <lines />
            </method>
            <method name="Should" signature="(System.Reflection.ConstructorInfo)" line-rate="1" branch-rate="1" complexity="NaN">
              <lines />
            </method>
            <method name="Should" signature="(System.Reflection.MethodInfo)" line-rate="1" branch-rate="1" complexity="NaN">
              <lines />
            </method>
            <method name="Should" signature="(FluentAssertions.Types.MethodInfoSelector)" line-rate="1" branch-rate="1" complexity="NaN">
              <lines />
            </method>
            <method name="Should" signature="(System.Reflection.PropertyInfo)" line-rate="1" branch-rate="1" complexity="NaN">
              <lines />
            </method>
            <method name="Should" signature="(FluentAssertions.Types.PropertyInfoSelector)" line-rate="1" branch-rate="1" complexity="NaN">
              <lines />
            </method>
            <method name="Should" signature="(System.Action)" line-rate="1" branch-rate="1" complexity="NaN">
              <lines />
            </method>
            <method name="Should" signature="(System.Func`1&lt;System.Threading.Tasks.Task&gt;)" line-rate="1" branch-rate="1" complexity="NaN">
              <lines />
            </method>
            <method name="Should" signature="(System.Func`1&lt;System.Threading.Tasks.Task`1&lt;T&gt;&gt;)" line-rate="1" branch-rate="1" complexity="NaN">
              <lines />
            </method>
            <method name="Should" signature="(System.Func`1&lt;T&gt;)" line-rate="1" branch-rate="1" complexity="NaN">
              <lines />
            </method>
            <method name="Should" signature="(System.Threading.Tasks.TaskCompletionSource`1&lt;T&gt;)" line-rate="1" branch-rate="1" complexity="NaN">
              <lines />
            </method>
            <method name="Monitor" signature="(T,System.Func`1&lt;System.DateTime&gt;)" line-rate="1" branch-rate="1" complexity="NaN">
              <lines />
            </method>
            <method name="As" signature="(System.Object)" line-rate="1" branch-rate="1" complexity="NaN">
              <lines />
            </method>
            <method name="Should" signature="(FluentAssertions.Primitives.ReferenceTypeAssertions`2&lt;TSubject,TAssertions&gt;)" line-rate="1" branch-rate="1" complexity="NaN">
              <lines />
            </method>
            <method name="Should" signature="(FluentAssertions.Primitives.BooleanAssertions`1&lt;TAssertions&gt;)" line-rate="1" branch-rate="1" complexity="NaN">
              <lines />
            </method>
            <method name="Should" signature="(FluentAssertions.Primitives.DateTimeAssertions`1&lt;TAssertions&gt;)" line-rate="1" branch-rate="1" complexity="NaN">
              <lines />
            </method>
            <method name="Should" signature="(FluentAssertions.Primitives.DateTimeOffsetAssertions`1&lt;TAssertions&gt;)" line-rate="1" branch-rate="1" complexity="NaN">
              <lines />
            </method>
            <method name="Should" signature="(FluentAssertions.Specialized.ExecutionTimeAssertions)" line-rate="1" branch-rate="1" complexity="NaN">
              <lines />
            </method>
            <method name="Should" signature="(FluentAssertions.Primitives.GuidAssertions`1&lt;TAssertions&gt;)" line-rate="1" branch-rate="1" complexity="NaN">
              <lines />
            </method>
            <method name="Should" signature="(FluentAssertions.Types.MethodInfoSelectorAssertions)" line-rate="1" branch-rate="1" complexity="NaN">
              <lines />
            </method>
            <method name="Should" signature="(FluentAssertions.Numeric.NumericAssertions`2&lt;TSubject,TAssertions&gt;)" line-rate="1" branch-rate="1" complexity="NaN">
              <lines />
            </method>
            <method name="Should" signature="(FluentAssertions.Types.PropertyInfoSelectorAssertions)" line-rate="1" branch-rate="1" complexity="NaN">
              <lines />
            </method>
            <method name="Should" signature="(FluentAssertions.Primitives.SimpleTimeSpanAssertions`1&lt;TAssertions&gt;)" line-rate="1" branch-rate="1" complexity="NaN">
              <lines />
            </method>
            <method name="Should" signature="(FluentAssertions.Specialized.TaskCompletionSourceAssertionsBase)" line-rate="1" branch-rate="1" complexity="NaN">
              <lines />
            </method>
            <method name="Should" signature="(FluentAssertions.Types.TypeSelectorAssertions)" line-rate="1" branch-rate="1" complexity="NaN">
              <lines />
            </method>
            <method name="Should" signature="(FluentAssertions.Primitives.EnumAssertions`2&lt;TEnum,TAssertions&gt;)" line-rate="1" branch-rate="1" complexity="NaN">
              <lines />
            </method>
            <method name="Should" signature="(FluentAssertions.Primitives.DateTimeRangeAssertions`1&lt;TAssertions&gt;)" line-rate="1" branch-rate="1" complexity="NaN">
              <lines />
            </method>
            <method name="Should" signature="(FluentAssertions.Primitives.DateTimeOffsetRangeAssertions`1&lt;TAssertions&gt;)" line-rate="1" branch-rate="1" complexity="NaN">
              <lines />
            </method>
            <method name="InvalidShouldCall" signature="()" line-rate="1" branch-rate="1" complexity="1">
              <lines />
            </method>
            <method name=".cctor" signature="()" line-rate="1" branch-rate="1" complexity="1">
              <lines />
            </method>
          </methods>
          <lines />
        </class>
        <class name="FluentAssertions.AssertionOptions" filename="/_/Src/FluentAssertions/AssertionOptions.cs" line-rate="1" branch-rate="1" complexity="2">
          <methods>
            <method name="EquivalencyPlan" signature="()" line-rate="1" branch-rate="1" complexity="NaN">
              <lines />
            </method>
            <method name="FormattingOptions" signature="()" line-rate="1" branch-rate="1" complexity="NaN">
              <lines />
            </method>
            <method name=".cctor" signature="()" line-rate="1" branch-rate="1" complexity="1">
              <lines />
            </method>
            <method name="CloneDefaults" signature="()" line-rate="1" branch-rate="1" complexity="1">
              <lines />
            </method>
            <method name="CloneDefaults" signature="(System.Func`2&lt;FluentAssertions.Equivalency.EquivalencyAssertionOptions,TOptions&gt;)" line-rate="1" branch-rate="1" complexity="NaN">
              <lines />
            </method>
            <method name="AssertEquivalencyUsing" signature="(System.Func`2&lt;FluentAssertions.Equivalency.EquivalencyAssertionOptions,FluentAssertions.Equivalency.EquivalencyAssertionOptions&gt;)" line-rate="1" branch-rate="1" complexity="NaN">
              <lines />
            </method>
          </methods>
          <lines />
        </class>
        <class name="FluentAssertions.AsyncAssertionsExtensions" filename="/_/Src/FluentAssertions/AsyncAssertionsExtensions.cs" line-rate="1" branch-rate="1" complexity="6">
          <methods>
            <method name="WithResult" signature="()" line-rate="1" branch-rate="1" complexity="3">
              <lines />
            </method>
            <method name="WithResult" signature="()" line-rate="1" branch-rate="1" complexity="3">
              <lines />
            </method>
          </methods>
          <lines />
        </class>
        <class name="FluentAssertions.AtLeast" filename="/_/Src/FluentAssertions/AtLeast.cs" line-rate="1" branch-rate="1" complexity="3">
          <methods>
            <method name="Once" signature="()" line-rate="1" branch-rate="1" complexity="1">
              <lines />
            </method>
            <method name="Twice" signature="()" line-rate="1" branch-rate="1" complexity="1">
              <lines />
            </method>
            <method name="Thrice" signature="()" line-rate="1" branch-rate="1" complexity="1">
              <lines />
            </method>
            <method name="Times" signature="(System.Int32)" line-rate="1" branch-rate="1" complexity="NaN">
              <lines />
            </method>
            <method name="Mode" signature="()" line-rate="1" branch-rate="1" complexity="NaN">
              <lines />
            </method>
            <method name=".ctor" signature="(System.Int32)" line-rate="1" branch-rate="1" complexity="NaN">
              <lines />
            </method>
            <method name="Assert" signature="(System.Int32)" line-rate="1" branch-rate="1" complexity="NaN">
              <lines />
            </method>
          </methods>
          <lines />
        </class>
        <class name="FluentAssertions.AtMost" filename="/_/Src/FluentAssertions/AtMost.cs" line-rate="1" branch-rate="1" complexity="3">
          <methods>
            <method name="Once" signature="()" line-rate="1" branch-rate="1" complexity="1">
              <lines />
            </method>
            <method name="Twice" signature="()" line-rate="1" branch-rate="1" complexity="1">
              <lines />
            </method>
            <method name="Thrice" signature="()" line-rate="1" branch-rate="1" complexity="1">
              <lines />
            </method>
            <method name="Times" signature="(System.Int32)" line-rate="1" branch-rate="1" complexity="NaN">
              <lines />
            </method>
            <method name="Mode" signature="()" line-rate="1" branch-rate="1" complexity="NaN">
              <lines />
            </method>
            <method name=".ctor" signature="(System.Int32)" line-rate="1" branch-rate="1" complexity="NaN">
              <lines />
            </method>
            <method name="Assert" signature="(System.Int32)" line-rate="1" branch-rate="1" complexity="NaN">
              <lines />
            </method>
          </methods>
          <lines />
        </class>
        <class name="FluentAssertions.CallerIdentification.AddNonEmptySymbolParsingStrategy" filename="/_/Src/FluentAssertions/CallerIdentification/AddNonEmptySymbolParsingStrategy.cs" line-rate="1" branch-rate="1" complexity="2">
          <methods>
            <method name="Parse" signature="(System.Char,System.Text.StringBuilder)" line-rate="1" branch-rate="1" complexity="NaN">
              <lines />
            </method>
            <method name="IsWaitingForContextEnd" signature="()" line-rate="1" branch-rate="1" complexity="1">
              <lines />
            </method>
            <method name="NotifyEndOfLineReached" signature="()" line-rate="1" branch-rate="1" complexity="1">
              <lines />
            </method>
          </methods>
          <lines />
        </class>
        <class name="FluentAssertions.CallerIdentification.AwaitParsingStrategy" filename="/_/Src/FluentAssertions/CallerIdentification/AwaitParsingStrategy.cs" line-rate="1" branch-rate="1" complexity="2">
          <methods>
            <method name="Parse" signature="(System.Char,System.Text.StringBuilder)" line-rate="1" branch-rate="1" complexity="NaN">
              <lines />
            </method>
            <method name="EndsWithOurKeyword" signature="(System.Text.StringBuilder)" line-rate="1" branch-rate="1" complexity="NaN">
              <lines />
            </method>
            <method name="IsLongEnoughToContainOurKeyword" signature="(System.Text.StringBuilder)" line-rate="1" branch-rate="1" complexity="NaN">
              <lines />
            </method>
            <method name="IsWaitingForContextEnd" signature="()" line-rate="1" branch-rate="1" complexity="1">
              <lines />
            </method>
            <method name="NotifyEndOfLineReached" signature="()" line-rate="1" branch-rate="1" complexity="1">
              <lines />
            </method>
          </methods>
          <lines />
        </class>
        <class name="FluentAssertions.CallerIdentification.CallerStatementBuilder" filename="/_/Src/FluentAssertions/CallerIdentification/CallerStatementBuilder.cs" line-rate="1" branch-rate="1" complexity="3">
          <methods>
            <method name=".ctor" signature="()" line-rate="1" branch-rate="1" complexity="1">
              <lines />
            </method>
            <method name="Append" signature="(System.String)" line-rate="1" branch-rate="1" complexity="NaN">
              <lines />
            </method>
            <method name="IsDone" signature="()" line-rate="1" branch-rate="1" complexity="1">
              <lines />
            </method>
            <method name="ToString" signature="()" line-rate="1" branch-rate="1" complexity="1">
              <lines />
            </method>
          </methods>
          <lines />
        </class>
        <class name="FluentAssertions.CallerIdentification.MultiLineCommentParsingStrategy" filename="/_/Src/FluentAssertions/CallerIdentification/MultiLineCommentParsingStrategy.cs" line-rate="1" branch-rate="1" complexity="2">
          <methods>
            <method name="Parse" signature="(System.Char,System.Text.StringBuilder)" line-rate="1" branch-rate="1" complexity="NaN">
              <lines />
            </method>
            <method name="IsWaitingForContextEnd" signature="()" line-rate="1" branch-rate="1" complexity="1">
              <lines />
            </method>
            <method name="NotifyEndOfLineReached" signature="()" line-rate="1" branch-rate="1" complexity="1">
              <lines />
            </method>
          </methods>
          <lines />
        </class>
        <class name="FluentAssertions.CallerIdentification.QuotesParsingStrategy" filename="/_/Src/FluentAssertions/CallerIdentification/QuotesParsingStrategy.cs" line-rate="1" branch-rate="1" complexity="3">
          <methods>
            <method name="Parse" signature="(System.Char,System.Text.StringBuilder)" line-rate="1" branch-rate="1" complexity="NaN">
              <lines />
            </method>
            <method name="IsWaitingForContextEnd" signature="()" line-rate="1" branch-rate="1" complexity="1">
              <lines />
            </method>
            <method name="NotifyEndOfLineReached" signature="()" line-rate="1" branch-rate="1" complexity="1">
              <lines />
            </method>
            <method name="IsVerbatim" signature="(System.Text.StringBuilder)" line-rate="1" branch-rate="1" complexity="NaN">
              <lines />
            </method>
            <method name=".ctor" signature="()" line-rate="1" branch-rate="1" complexity="1">
              <lines />
            </method>
          </methods>
          <lines />
        </class>
        <class name="FluentAssertions.CallerIdentification.SemicolonParsingStrategy" filename="/_/Src/FluentAssertions/CallerIdentification/SemicolonParsingStrategy.cs" line-rate="1" branch-rate="1" complexity="2">
          <methods>
            <method name="Parse" signature="(System.Char,System.Text.StringBuilder)" line-rate="1" branch-rate="1" complexity="NaN">
              <lines />
            </method>
            <method name="IsWaitingForContextEnd" signature="()" line-rate="1" branch-rate="1" complexity="1">
              <lines />
            </method>
            <method name="NotifyEndOfLineReached" signature="()" line-rate="1" branch-rate="1" complexity="1">
              <lines />
            </method>
          </methods>
          <lines />
        </class>
        <class name="FluentAssertions.CallerIdentification.ShouldCallParsingStrategy" filename="/_/Src/FluentAssertions/CallerIdentification/ShouldCallParsingStrategy.cs" line-rate="1" branch-rate="1" complexity="2">
          <methods>
            <method name="Parse" signature="(System.Char,System.Text.StringBuilder)" line-rate="1" branch-rate="1" complexity="NaN">
              <lines />
            </method>
            <method name="IsWaitingForContextEnd" signature="()" line-rate="1" branch-rate="1" complexity="1">
              <lines />
            </method>
            <method name="NotifyEndOfLineReached" signature="()" line-rate="1" branch-rate="1" complexity="1">
              <lines />
            </method>
          </methods>
          <lines />
        </class>
        <class name="FluentAssertions.CallerIdentification.SingleLineCommentParsingStrategy" filename="/_/Src/FluentAssertions/CallerIdentification/SingleLineCommentParsingStrategy.cs" line-rate="1" branch-rate="1" complexity="3">
          <methods>
            <method name="Parse" signature="(System.Char,System.Text.StringBuilder)" line-rate="1" branch-rate="1" complexity="NaN">
              <lines />
            </method>
            <method name="IsWaitingForContextEnd" signature="()" line-rate="1" branch-rate="1" complexity="1">
              <lines />
            </method>
            <method name="NotifyEndOfLineReached" signature="()" line-rate="1" branch-rate="1" complexity="2">
              <lines />
            </method>
          </methods>
          <lines />
        </class>
        <class name="FluentAssertions.CallerIdentifier" filename="/_/Src/FluentAssertions/CallerIdentifier.cs" line-rate="1" branch-rate="1" complexity="22">
          <methods>
            <method name="Logger" signature="()" line-rate="1" branch-rate="1" complexity="NaN">
              <lines />
            </method>
            <method name="Logger" signature="(System.Action`1&lt;System.String&gt;)" line-rate="1" branch-rate="1" complexity="NaN">
              <lines />
            </method>
            <method name="DetermineCallerIdentity" signature="()" line-rate="1" branch-rate="1" complexity="10">
              <lines />
            </method>
            <method name="OverrideStackSearchUsingCurrentScope" signature="()" line-rate="1" branch-rate="1" complexity="1">
              <lines />
            </method>
            <method name="OnlyOneFluentAssertionScopeOnCallStack" signature="()" line-rate="1" branch-rate="1" complexity="5">
              <lines />
            </method>
            <method name="IsCustomAssertion" signature="(System.Diagnostics.StackFrame)" line-rate="1" branch-rate="1" complexity="NaN">
              <lines />
            </method>
            <method name="IsDynamic" signature="(System.Diagnostics.StackFrame)" line-rate="1" branch-rate="1" complexity="NaN">
              <lines />
            </method>
            <method name="IsCurrentAssembly" signature="(System.Diagnostics.StackFrame)" line-rate="1" branch-rate="1" complexity="NaN">
              <lines />
            </method>
            <method name="IsDotNet" signature="(System.Diagnostics.StackFrame)" line-rate="1" branch-rate="1" complexity="NaN">
              <lines />
            </method>
            <method name="IsCompilerServices" signature="(System.Diagnostics.StackFrame)" line-rate="1" branch-rate="1" complexity="NaN">
              <lines />
            </method>
            <method name="ExtractVariableNameFrom" signature="(System.Diagnostics.StackFrame)" line-rate="1" branch-rate="1" complexity="NaN">
              <lines />
            </method>
            <method name="GetSourceCodeStatementFrom" signature="(System.Diagnostics.StackFrame)" line-rate="1" branch-rate="1" complexity="NaN">
              <lines />
            </method>
            <method name="GetSourceCodeStatementFrom" signature="(System.Diagnostics.StackFrame,System.IO.StreamReader,System.String)" line-rate="1" branch-rate="1" complexity="NaN">
              <lines />
            </method>
            <method name="StartsWithNewKeyword" signature="(System.String)" line-rate="1" branch-rate="1" complexity="NaN">
              <lines />
            </method>
            <method name="IsStringLiteral" signature="(System.String)" line-rate="1" branch-rate="1" complexity="NaN">
              <lines />
            </method>
            <method name="IsNumeric" signature="(System.String)" line-rate="1" branch-rate="1" complexity="NaN">
              <lines />
            </method>
            <method name="IsBooleanLiteral" signature="(System.String)" line-rate="1" branch-rate="1" complexity="NaN">
              <lines />
            </method>
            <method name=".cctor" signature="()" line-rate="1" branch-rate="1" complexity="1">
              <lines />
            </method>
            <method name="SkipStackFrameCount" signature="()" line-rate="1" branch-rate="1" complexity="NaN">
              <lines />
            </method>
            <method name=".ctor" signature="()" line-rate="1" branch-rate="1" complexity="4">
              <lines />
            </method>
            <method name="Dispose" signature="()" line-rate="1" branch-rate="1" complexity="1">
              <lines />
            </method>
          </methods>
          <lines />
        </class>
        <class name="FluentAssertions.Collections.GenericCollectionAssertions`1" filename="/_/Src/FluentAssertions/Collections/GenericCollectionAssertions.cs" line-rate="1" branch-rate="1" complexity="NaN">
          <methods>
            <method name=".ctor" signature="(System.Collections.Generic.IEnumerable`1&lt;T&gt;)" line-rate="1" branch-rate="1" complexity="NaN">
              <lines />
            </method>
          </methods>
          <lines />
        </class>
        <class name="FluentAssertions.Collections.GenericCollectionAssertions`2" filename="/_/Src/FluentAssertions/Collections/GenericCollectionAssertions.cs" line-rate="1" branch-rate="1" complexity="NaN">
          <methods>
            <method name=".ctor" signature="(TCollection)" line-rate="1" branch-rate="1" complexity="NaN">
              <lines />
            </method>
          </methods>
          <lines />
        </class>
        <class name="FluentAssertions.Collections.GenericCollectionAssertions`3" filename="/_/Src/FluentAssertions/Collections/GenericCollectionAssertions.cs" line-rate="1" branch-rate="1" complexity="6">
          <methods>
            <method name="Identifier" signature="()" line-rate="1" branch-rate="1" complexity="NaN">
              <lines />
            </method>
            <method name=".ctor" signature="(TCollection)" line-rate="1" branch-rate="1" complexity="NaN">
              <lines />
            </method>
            <method name="AllBeAssignableTo" signature="(System.String,System.Object[])" line-rate="1" branch-rate="1" complexity="NaN">
              <lines />
            </method>
            <method name="AllBeAssignableTo" signature="(System.Type,System.String,System.Object[])" line-rate="1" branch-rate="1" complexity="NaN">
              <lines />
            </method>
            <method name="AllBeEquivalentTo" signature="(TExpectation,System.String,System.Object[])" line-rate="1" branch-rate="1" complexity="NaN">
              <lines />
            </method>
            <method name="AllBeEquivalentTo" signature="(TExpectation,System.Func`2&lt;FluentAssertions.Equivalency.EquivalencyAssertionOptions`1&lt;TExpectation&gt;,FluentAssertions.Equivalency.EquivalencyAssertionOptions`1&lt;TExpectation&gt;&gt;,System.String,System.Object[])" line-rate="1" branch-rate="1" complexity="NaN">
              <lines />
            </method>
            <method name="AllBeOfType" signature="(System.String,System.Object[])" line-rate="1" branch-rate="1" complexity="NaN">
              <lines />
            </method>
            <method name="AllBeOfType" signature="(System.Type,System.String,System.Object[])" line-rate="1" branch-rate="1" complexity="NaN">
              <lines />
            </method>
            <method name="BeEmpty" signature="(System.String,System.Object[])" line-rate="1" branch-rate="1" complexity="NaN">
              <lines />
            </method>
            <method name="BeEquivalentTo" signature="(System.Collections.Generic.IEnumerable`1&lt;TExpectation&gt;,System.String,System.Object[])" line-rate="1" branch-rate="1" complexity="NaN">
              <lines />
            </method>
            <method name="BeEquivalentTo" signature="(System.Collections.Generic.IEnumerable`1&lt;TExpectation&gt;,System.Func`2&lt;FluentAssertions.Equivalency.EquivalencyAssertionOptions`1&lt;TExpectation&gt;,FluentAssertions.Equivalency.EquivalencyAssertionOptions`1&lt;TExpectation&gt;&gt;,System.String,System.Object[])" line-rate="1" branch-rate="1" complexity="NaN">
              <lines />
            </method>
            <method name="BeInAscendingOrder" signature="(System.Linq.Expressions.Expression`1&lt;System.Func`2&lt;T,TSelector&gt;&gt;,System.String,System.Object[])" line-rate="1" branch-rate="1" complexity="NaN">
              <lines />
            </method>
            <method name="BeInAscendingOrder" signature="(System.Collections.Generic.IComparer`1&lt;T&gt;,System.String,System.Object[])" line-rate="1" branch-rate="1" complexity="NaN">
              <lines />
            </method>
            <method name="BeInAscendingOrder" signature="(System.Linq.Expressions.Expression`1&lt;System.Func`2&lt;T,TSelector&gt;&gt;,System.Collections.Generic.IComparer`1&lt;TSelector&gt;,System.String,System.Object[])" line-rate="1" branch-rate="1" complexity="NaN">
              <lines />
            </method>
            <method name="BeInAscendingOrder" signature="(System.String,System.Object[])" line-rate="1" branch-rate="1" complexity="NaN">
              <lines />
            </method>
            <method name="BeInAscendingOrder" signature="(System.Func`3&lt;T,T,System.Int32&gt;,System.String,System.Object[])" line-rate="1" branch-rate="1" complexity="NaN">
              <lines />
            </method>
            <method name="BeInDescendingOrder" signature="(System.Linq.Expressions.Expression`1&lt;System.Func`2&lt;T,TSelector&gt;&gt;,System.String,System.Object[])" line-rate="1" branch-rate="1" complexity="NaN">
              <lines />
            </method>
            <method name="BeInDescendingOrder" signature="(System.Collections.Generic.IComparer`1&lt;T&gt;,System.String,System.Object[])" line-rate="1" branch-rate="1" complexity="NaN">
              <lines />
            </method>
            <method name="BeInDescendingOrder" signature="(System.Linq.Expressions.Expression`1&lt;System.Func`2&lt;T,TSelector&gt;&gt;,System.Collections.Generic.IComparer`1&lt;TSelector&gt;,System.String,System.Object[])" line-rate="1" branch-rate="1" complexity="NaN">
              <lines />
            </method>
            <method name="BeInDescendingOrder" signature="(System.String,System.Object[])" line-rate="1" branch-rate="1" complexity="NaN">
              <lines />
            </method>
            <method name="BeInDescendingOrder" signature="(System.Func`3&lt;T,T,System.Int32&gt;,System.String,System.Object[])" line-rate="1" branch-rate="1" complexity="NaN">
              <lines />
            </method>
            <method name="BeNullOrEmpty" signature="(System.String,System.Object[])" line-rate="1" branch-rate="1" complexity="NaN">
              <lines />
            </method>
            <method name="BeSubsetOf" signature="(System.Collections.Generic.IEnumerable`1&lt;T&gt;,System.String,System.Object[])" line-rate="1" branch-rate="1" complexity="NaN">
              <lines />
            </method>
            <method name="Contain" signature="(T,System.String,System.Object[])" line-rate="1" branch-rate="1" complexity="NaN">
              <lines />
            </method>
            <method name="Contain" signature="(System.Linq.Expressions.Expression`1&lt;System.Func`2&lt;T,System.Boolean&gt;&gt;,System.String,System.Object[])" line-rate="1" branch-rate="1" complexity="NaN">
              <lines />
            </method>
            <method name="Contain" signature="(System.Collections.Generic.IEnumerable`1&lt;T&gt;,System.String,System.Object[])" line-rate="1" branch-rate="1" complexity="NaN">
              <lines />
            </method>
            <method name="ContainEquivalentOf" signature="(TExpectation,System.String,System.Object[])" line-rate="1" branch-rate="1" complexity="NaN">
              <lines />
            </method>
            <method name="ContainEquivalentOf" signature="(TExpectation,System.Func`2&lt;FluentAssertions.Equivalency.EquivalencyAssertionOptions`1&lt;TExpectation&gt;,FluentAssertions.Equivalency.EquivalencyAssertionOptions`1&lt;TExpectation&gt;&gt;,System.String,System.Object[])" line-rate="1" branch-rate="1" complexity="NaN">
              <lines />
            </method>
            <method name="ContainInOrder" signature="(T[])" line-rate="1" branch-rate="1" complexity="NaN">
              <lines />
            </method>
            <method name="ContainInOrder" signature="(System.Collections.Generic.IEnumerable`1&lt;T&gt;,System.String,System.Object[])" line-rate="1" branch-rate="1" complexity="NaN">
              <lines />
            </method>
            <method name="ContainInConsecutiveOrder" signature="(T[])" line-rate="1" branch-rate="1" complexity="NaN">
              <lines />
            </method>
            <method name="ContainInConsecutiveOrder" signature="(System.Collections.Generic.IEnumerable`1&lt;T&gt;,System.String,System.Object[])" line-rate="1" branch-rate="1" complexity="NaN">
              <lines />
            </method>
            <method name="ContainItemsAssignableTo" signature="(System.String,System.Object[])" line-rate="1" branch-rate="1" complexity="NaN">
              <lines />
            </method>
            <method name="ContainSingle" signature="(System.String,System.Object[])" line-rate="1" branch-rate="1" complexity="NaN">
              <lines />
            </method>
            <method name="ContainSingle" signature="(System.Linq.Expressions.Expression`1&lt;System.Func`2&lt;T,System.Boolean&gt;&gt;,System.String,System.Object[])" line-rate="1" branch-rate="1" complexity="NaN">
              <lines />
            </method>
            <method name="EndWith" signature="(System.Collections.Generic.IEnumerable`1&lt;T&gt;,System.String,System.Object[])" line-rate="1" branch-rate="1" complexity="NaN">
              <lines />
            </method>
            <method name="EndWith" signature="(System.Collections.Generic.IEnumerable`1&lt;TExpectation&gt;,System.Func`3&lt;T,TExpectation,System.Boolean&gt;,System.String,System.Object[])" line-rate="1" branch-rate="1" complexity="NaN">
              <lines />
            </method>
            <method name="EndWith" signature="(T,System.String,System.Object[])" line-rate="1" branch-rate="1" complexity="NaN">
              <lines />
            </method>
            <method name="Equal" signature="(T[])" line-rate="1" branch-rate="1" complexity="NaN">
              <lines />
            </method>
            <method name="Equal" signature="(System.Collections.Generic.IEnumerable`1&lt;TExpectation&gt;,System.Func`3&lt;T,TExpectation,System.Boolean&gt;,System.String,System.Object[])" line-rate="1" branch-rate="1" complexity="NaN">
              <lines />
            </method>
            <method name="Equal" signature="(System.Collections.Generic.IEnumerable`1&lt;T&gt;,System.String,System.Object[])" line-rate="1" branch-rate="1" complexity="NaN">
              <lines />
            </method>
            <method name="HaveCount" signature="(System.Int32,System.String,System.Object[])" line-rate="1" branch-rate="1" complexity="NaN">
              <lines />
            </method>
            <method name="HaveCount" signature="(System.Linq.Expressions.Expression`1&lt;System.Func`2&lt;System.Int32,System.Boolean&gt;&gt;,System.String,System.Object[])" line-rate="1" branch-rate="1" complexity="NaN">
              <lines />
            </method>
            <method name="HaveCountGreaterThanOrEqualTo" signature="(System.Int32,System.String,System.Object[])" line-rate="1" branch-rate="1" complexity="NaN">
              <lines />
            </method>
            <method name="HaveCountGreaterOrEqualTo" signature="(System.Int32,System.String,System.Object[])" line-rate="1" branch-rate="1" complexity="NaN">
              <lines />
            </method>
            <method name="HaveCountGreaterThan" signature="(System.Int32,System.String,System.Object[])" line-rate="1" branch-rate="1" complexity="NaN">
              <lines />
            </method>
            <method name="HaveCountLessThanOrEqualTo" signature="(System.Int32,System.String,System.Object[])" line-rate="1" branch-rate="1" complexity="NaN">
              <lines />
            </method>
            <method name="HaveCountLessOrEqualTo" signature="(System.Int32,System.String,System.Object[])" line-rate="1" branch-rate="1" complexity="NaN">
              <lines />
            </method>
            <method name="HaveCountLessThan" signature="(System.Int32,System.String,System.Object[])" line-rate="1" branch-rate="1" complexity="NaN">
              <lines />
            </method>
            <method name="HaveElementAt" signature="(System.Int32,T,System.String,System.Object[])" line-rate="1" branch-rate="1" complexity="NaN">
              <lines />
            </method>
            <method name="HaveElementPreceding" signature="(T,T,System.String,System.Object[])" line-rate="1" branch-rate="1" complexity="NaN">
              <lines />
            </method>
            <method name="HaveElementSucceeding" signature="(T,T,System.String,System.Object[])" line-rate="1" branch-rate="1" complexity="NaN">
              <lines />
            </method>
            <method name="HaveSameCount" signature="(System.Collections.Generic.IEnumerable`1&lt;TExpectation&gt;,System.String,System.Object[])" line-rate="1" branch-rate="1" complexity="NaN">
              <lines />
            </method>
            <method name="IntersectWith" signature="(System.Collections.Generic.IEnumerable`1&lt;T&gt;,System.String,System.Object[])" line-rate="1" branch-rate="1" complexity="NaN">
              <lines />
            </method>
            <method name="NotBeEmpty" signature="(System.String,System.Object[])" line-rate="1" branch-rate="1" complexity="NaN">
              <lines />
            </method>
            <method name="NotBeEquivalentTo" signature="(System.Collections.Generic.IEnumerable`1&lt;TExpectation&gt;,System.String,System.Object[])" line-rate="1" branch-rate="1" complexity="NaN">
              <lines />
            </method>
            <method name="NotBeEquivalentTo" signature="(System.Collections.Generic.IEnumerable`1&lt;TExpectation&gt;,System.Func`2&lt;FluentAssertions.Equivalency.EquivalencyAssertionOptions`1&lt;TExpectation&gt;,FluentAssertions.Equivalency.EquivalencyAssertionOptions`1&lt;TExpectation&gt;&gt;,System.String,System.Object[])" line-rate="1" branch-rate="1" complexity="NaN">
              <lines />
            </method>
            <method name="NotBeInAscendingOrder" signature="(System.Linq.Expressions.Expression`1&lt;System.Func`2&lt;T,TSelector&gt;&gt;,System.String,System.Object[])" line-rate="1" branch-rate="1" complexity="NaN">
              <lines />
            </method>
            <method name="NotBeInAscendingOrder" signature="(System.Collections.Generic.IComparer`1&lt;T&gt;,System.String,System.Object[])" line-rate="1" branch-rate="1" complexity="NaN">
              <lines />
            </method>
            <method name="NotBeInAscendingOrder" signature="(System.Linq.Expressions.Expression`1&lt;System.Func`2&lt;T,TSelector&gt;&gt;,System.Collections.Generic.IComparer`1&lt;TSelector&gt;,System.String,System.Object[])" line-rate="1" branch-rate="1" complexity="NaN">
              <lines />
            </method>
            <method name="NotBeInAscendingOrder" signature="(System.String,System.Object[])" line-rate="1" branch-rate="1" complexity="NaN">
              <lines />
            </method>
            <method name="NotBeInAscendingOrder" signature="(System.Func`3&lt;T,T,System.Int32&gt;,System.String,System.Object[])" line-rate="1" branch-rate="1" complexity="NaN">
              <lines />
            </method>
            <method name="NotBeInDescendingOrder" signature="(System.Linq.Expressions.Expression`1&lt;System.Func`2&lt;T,TSelector&gt;&gt;,System.String,System.Object[])" line-rate="1" branch-rate="1" complexity="NaN">
              <lines />
            </method>
            <method name="NotBeInDescendingOrder" signature="(System.Collections.Generic.IComparer`1&lt;T&gt;,System.String,System.Object[])" line-rate="1" branch-rate="1" complexity="NaN">
              <lines />
            </method>
            <method name="NotBeInDescendingOrder" signature="(System.Linq.Expressions.Expression`1&lt;System.Func`2&lt;T,TSelector&gt;&gt;,System.Collections.Generic.IComparer`1&lt;TSelector&gt;,System.String,System.Object[])" line-rate="1" branch-rate="1" complexity="NaN">
              <lines />
            </method>
            <method name="NotBeInDescendingOrder" signature="(System.String,System.Object[])" line-rate="1" branch-rate="1" complexity="NaN">
              <lines />
            </method>
            <method name="NotBeInDescendingOrder" signature="(System.Func`3&lt;T,T,System.Int32&gt;,System.String,System.Object[])" line-rate="1" branch-rate="1" complexity="NaN">
              <lines />
            </method>
            <method name="NotBeNullOrEmpty" signature="(System.String,System.Object[])" line-rate="1" branch-rate="1" complexity="NaN">
              <lines />
            </method>
            <method name="NotBeSubsetOf" signature="(System.Collections.Generic.IEnumerable`1&lt;T&gt;,System.String,System.Object[])" line-rate="1" branch-rate="1" complexity="NaN">
              <lines />
            </method>
            <method name="NotContain" signature="(T,System.String,System.Object[])" line-rate="1" branch-rate="1" complexity="NaN">
              <lines />
            </method>
            <method name="NotContain" signature="(System.Linq.Expressions.Expression`1&lt;System.Func`2&lt;T,System.Boolean&gt;&gt;,System.String,System.Object[])" line-rate="1" branch-rate="1" complexity="NaN">
              <lines />
            </method>
            <method name="NotContain" signature="(System.Collections.Generic.IEnumerable`1&lt;T&gt;,System.String,System.Object[])" line-rate="1" branch-rate="1" complexity="NaN">
              <lines />
            </method>
            <method name="NotContainEquivalentOf" signature="(TExpectation,System.String,System.Object[])" line-rate="1" branch-rate="1" complexity="NaN">
              <lines />
            </method>
            <method name="NotContainEquivalentOf" signature="(TExpectation,System.Func`2&lt;FluentAssertions.Equivalency.EquivalencyAssertionOptions`1&lt;TExpectation&gt;,FluentAssertions.Equivalency.EquivalencyAssertionOptions`1&lt;TExpectation&gt;&gt;,System.String,System.Object[])" line-rate="1" branch-rate="1" complexity="NaN">
              <lines />
            </method>
            <method name="NotContainInOrder" signature="(T[])" line-rate="1" branch-rate="1" complexity="NaN">
              <lines />
            </method>
            <method name="NotContainInOrder" signature="(System.Collections.Generic.IEnumerable`1&lt;T&gt;,System.String,System.Object[])" line-rate="1" branch-rate="1" complexity="NaN">
              <lines />
            </method>
            <method name="NotContainInConsecutiveOrder" signature="(T[])" line-rate="1" branch-rate="1" complexity="NaN">
              <lines />
            </method>
            <method name="NotContainInConsecutiveOrder" signature="(System.Collections.Generic.IEnumerable`1&lt;T&gt;,System.String,System.Object[])" line-rate="1" branch-rate="1" complexity="NaN">
              <lines />
            </method>
            <method name="NotContainNulls" signature="(System.Linq.Expressions.Expression`1&lt;System.Func`2&lt;T,TKey&gt;&gt;,System.String,System.Object[])" line-rate="1" branch-rate="1" complexity="NaN">
              <lines />
            </method>
            <method name="NotContainNulls" signature="(System.String,System.Object[])" line-rate="1" branch-rate="1" complexity="NaN">
              <lines />
            </method>
            <method name="NotEqual" signature="(System.Collections.Generic.IEnumerable`1&lt;T&gt;,System.String,System.Object[])" line-rate="1" branch-rate="1" complexity="NaN">
              <lines />
            </method>
            <method name="NotHaveCount" signature="(System.Int32,System.String,System.Object[])" line-rate="1" branch-rate="1" complexity="NaN">
              <lines />
            </method>
            <method name="NotHaveSameCount" signature="(System.Collections.Generic.IEnumerable`1&lt;TExpectation&gt;,System.String,System.Object[])" line-rate="1" branch-rate="1" complexity="NaN">
              <lines />
            </method>
            <method name="NotIntersectWith" signature="(System.Collections.Generic.IEnumerable`1&lt;T&gt;,System.String,System.Object[])" line-rate="1" branch-rate="1" complexity="NaN">
              <lines />
            </method>
            <method name="OnlyContain" signature="(System.Linq.Expressions.Expression`1&lt;System.Func`2&lt;T,System.Boolean&gt;&gt;,System.String,System.Object[])" line-rate="1" branch-rate="1" complexity="NaN">
              <lines />
            </method>
            <method name="OnlyHaveUniqueItems" signature="(System.Linq.Expressions.Expression`1&lt;System.Func`2&lt;T,TKey&gt;&gt;,System.String,System.Object[])" line-rate="1" branch-rate="1" complexity="NaN">
              <lines />
            </method>
            <method name="OnlyHaveUniqueItems" signature="(System.String,System.Object[])" line-rate="1" branch-rate="1" complexity="NaN">
              <lines />
            </method>
            <method name="AllSatisfy" signature="(System.Action`1&lt;T&gt;,System.String,System.Object[])" line-rate="1" branch-rate="1" complexity="NaN">
              <lines />
            </method>
            <method name="SatisfyRespectively" signature="(System.Action`1&lt;T&gt;[])" line-rate="1" branch-rate="1" complexity="NaN">
              <lines />
            </method>
            <method name="SatisfyRespectively" signature="(System.Collections.Generic.IEnumerable`1&lt;System.Action`1&lt;T&gt;&gt;,System.String,System.Object[])" line-rate="1" branch-rate="1" complexity="NaN">
              <lines />
            </method>
            <method name="Satisfy" signature="(System.Linq.Expressions.Expression`1&lt;System.Func`2&lt;T,System.Boolean&gt;&gt;[])" line-rate="1" branch-rate="1" complexity="NaN">
              <lines />
            </method>
            <method name="Satisfy" signature="(System.Collections.Generic.IEnumerable`1&lt;System.Linq.Expressions.Expression`1&lt;System.Func`2&lt;T,System.Boolean&gt;&gt;&gt;,System.String,System.Object[])" line-rate="1" branch-rate="1" complexity="NaN">
              <lines />
            </method>
            <method name="StartWith" signature="(System.Collections.Generic.IEnumerable`1&lt;T&gt;,System.String,System.Object[])" line-rate="1" branch-rate="1" complexity="NaN">
              <lines />
            </method>
            <method name="StartWith" signature="(System.Collections.Generic.IEnumerable`1&lt;TExpectation&gt;,System.Func`3&lt;T,TExpectation,System.Boolean&gt;,System.String,System.Object[])" line-rate="1" branch-rate="1" complexity="NaN">
              <lines />
            </method>
            <method name="StartWith" signature="(T,System.String,System.Object[])" line-rate="1" branch-rate="1" complexity="NaN">
              <lines />
            </method>
            <method name="BeOrderedBy" signature="(System.Linq.Expressions.Expression`1&lt;System.Func`2&lt;T,TSelector&gt;&gt;,System.Collections.Generic.IComparer`1&lt;TSelector&gt;,FluentAssertions.Collections.SortOrder,System.String,System.Object[])" line-rate="1" branch-rate="1" complexity="NaN">
              <lines />
            </method>
            <method name="GetOrderedEnumerable" signature="(System.Linq.Expressions.Expression`1&lt;System.Func`2&lt;T,TSelector&gt;&gt;,System.Collections.Generic.IComparer`1&lt;TSelector&gt;,FluentAssertions.Collections.SortOrder,System.Collections.Generic.ICollection`1&lt;T&gt;)" line-rate="1" branch-rate="1" complexity="NaN">
              <lines />
            </method>
            <method name="RepeatAsManyAs" signature="(TExpectation,System.Collections.Generic.IEnumerable`1&lt;T&gt;)" line-rate="1" branch-rate="1" complexity="NaN">
              <lines />
            </method>
            <method name="AssertCollectionEndsWith" signature="(System.Collections.Generic.IEnumerable`1&lt;TActual&gt;,System.Collections.Generic.ICollection`1&lt;TExpectation&gt;,System.Func`3&lt;TActual,TExpectation,System.Boolean&gt;,System.String,System.Object[])" line-rate="1" branch-rate="1" complexity="NaN">
              <lines />
            </method>
            <method name="AssertCollectionStartsWith" signature="(System.Collections.Generic.IEnumerable`1&lt;TActual&gt;,System.Collections.Generic.ICollection`1&lt;TExpectation&gt;,System.Func`3&lt;TActual,TExpectation,System.Boolean&gt;,System.String,System.Object[])" line-rate="1" branch-rate="1" complexity="NaN">
              <lines />
            </method>
            <method name="AssertSubjectEquality" signature="(System.Collections.Generic.IEnumerable`1&lt;TExpectation&gt;,System.Func`3&lt;T,TExpectation,System.Boolean&gt;,System.String,System.Object[])" line-rate="1" branch-rate="1" complexity="NaN">
              <lines />
            </method>
            <method name="GetExpressionOrderString" signature="(System.Linq.Expressions.Expression`1&lt;System.Func`2&lt;T,TSelector&gt;&gt;)" line-rate="1" branch-rate="1" complexity="NaN">
              <lines />
            </method>
            <method name="GetType" signature="(TType)" line-rate="1" branch-rate="1" complexity="NaN">
              <lines />
            </method>
            <method name="HasPredecessor" signature="(T,TCollection)" line-rate="1" branch-rate="1" complexity="NaN">
              <lines />
            </method>
            <method name="HasSuccessor" signature="(T,TCollection)" line-rate="1" branch-rate="1" complexity="NaN">
              <lines />
            </method>
            <method name="PredecessorOf" signature="(T,TCollection)" line-rate="1" branch-rate="1" complexity="NaN">
              <lines />
            </method>
            <method name="SuccessorOf" signature="(T,TCollection)" line-rate="1" branch-rate="1" complexity="NaN">
              <lines />
            </method>
            <method name="CollectFailuresFromInspectors" signature="(System.Collections.Generic.IEnumerable`1&lt;System.Action`1&lt;T&gt;&gt;)" line-rate="1" branch-rate="1" complexity="NaN">
              <lines />
            </method>
            <method name="IsValidProperty" signature="(System.Linq.Expressions.Expression`1&lt;System.Func`2&lt;T,TSelector&gt;&gt;,System.String,System.Object[])" line-rate="1" branch-rate="1" complexity="NaN">
              <lines />
            </method>
            <method name="NotBeOrderedBy" signature="(System.Linq.Expressions.Expression`1&lt;System.Func`2&lt;T,TSelector&gt;&gt;,System.Collections.Generic.IComparer`1&lt;TSelector&gt;,FluentAssertions.Collections.SortOrder,System.String,System.Object[])" line-rate="1" branch-rate="1" complexity="NaN">
              <lines />
            </method>
            <method name="BeInOrder" signature="(System.Collections.Generic.IComparer`1&lt;T&gt;,FluentAssertions.Collections.SortOrder,System.String,System.Object[])" line-rate="1" branch-rate="1" complexity="NaN">
              <lines />
            </method>
            <method name="NotBeInOrder" signature="(System.Collections.Generic.IComparer`1&lt;T&gt;,FluentAssertions.Collections.SortOrder,System.String,System.Object[])" line-rate="1" branch-rate="1" complexity="NaN">
              <lines />
            </method>
            <method name="Equals" signature="(System.Object)" line-rate="1" branch-rate="1" complexity="NaN">
              <lines />
            </method>
            <method name="IndexOf" signature="(System.Collections.Generic.IList`1&lt;T&gt;,T,System.Int32)" line-rate="1" branch-rate="1" complexity="NaN">
              <lines />
            </method>
            <method name="ConsecutiveItemCount" signature="(System.Collections.Generic.IList`1&lt;T&gt;,System.Collections.Generic.IList`1&lt;T&gt;,System.Int32)" line-rate="1" branch-rate="1" complexity="NaN">
              <lines />
            </method>
            <method name="GetComparer" signature="()" line-rate="1" branch-rate="1" complexity="2">
              <lines />
            </method>
            <method name="RepeatAsManyAsIterator" signature="()" line-rate="1" branch-rate="1" complexity="4">
              <lines />
            </method>
          </methods>
          <lines />
        </class>
        <class name="FluentAssertions.Collections.GenericDictionaryAssertions`3" filename="/_/Src/FluentAssertions/Collections/GenericDictionaryAssertions.cs" line-rate="1" branch-rate="1" complexity="NaN">
          <methods>
            <method name=".ctor" signature="(TCollection)" line-rate="1" branch-rate="1" complexity="NaN">
              <lines />
            </method>
          </methods>
          <lines />
        </class>
        <class name="FluentAssertions.Collections.GenericDictionaryAssertions`4" filename="/_/Src/FluentAssertions/Collections/GenericDictionaryAssertions.cs" line-rate="1" branch-rate="1" complexity="NaN">
          <methods>
            <method name="Identifier" signature="()" line-rate="1" branch-rate="1" complexity="NaN">
              <lines />
            </method>
            <method name=".ctor" signature="(TCollection)" line-rate="1" branch-rate="1" complexity="NaN">
              <lines />
            </method>
            <method name="Equal" signature="(T,System.String,System.Object[])" line-rate="1" branch-rate="1" complexity="NaN">
              <lines />
            </method>
            <method name="NotEqual" signature="(T,System.String,System.Object[])" line-rate="1" branch-rate="1" complexity="NaN">
              <lines />
            </method>
            <method name="BeEquivalentTo" signature="(TExpectation,System.String,System.Object[])" line-rate="1" branch-rate="1" complexity="NaN">
              <lines />
            </method>
            <method name="BeEquivalentTo" signature="(TExpectation,System.Func`2&lt;FluentAssertions.Equivalency.EquivalencyAssertionOptions`1&lt;TExpectation&gt;,FluentAssertions.Equivalency.EquivalencyAssertionOptions`1&lt;TExpectation&gt;&gt;,System.String,System.Object[])" line-rate="1" branch-rate="1" complexity="NaN">
              <lines />
            </method>
            <method name="ContainKey" signature="(TKey,System.String,System.Object[])" line-rate="1" branch-rate="1" complexity="NaN">
              <lines />
            </method>
            <method name="ContainKeys" signature="(TKey[])" line-rate="1" branch-rate="1" complexity="NaN">
              <lines />
            </method>
            <method name="ContainKeys" signature="(System.Collections.Generic.IEnumerable`1&lt;TKey&gt;,System.String,System.Object[])" line-rate="1" branch-rate="1" complexity="NaN">
              <lines />
            </method>
            <method name="NotContainKey" signature="(TKey,System.String,System.Object[])" line-rate="1" branch-rate="1" complexity="NaN">
              <lines />
            </method>
            <method name="NotContainKeys" signature="(TKey[])" line-rate="1" branch-rate="1" complexity="NaN">
              <lines />
            </method>
            <method name="NotContainKeys" signature="(System.Collections.Generic.IEnumerable`1&lt;TKey&gt;,System.String,System.Object[])" line-rate="1" branch-rate="1" complexity="NaN">
              <lines />
            </method>
            <method name="ContainValue" signature="(TValue,System.String,System.Object[])" line-rate="1" branch-rate="1" complexity="NaN">
              <lines />
            </method>
            <method name="ContainValues" signature="(TValue[])" line-rate="1" branch-rate="1" complexity="NaN">
              <lines />
            </method>
            <method name="ContainValues" signature="(System.Collections.Generic.IEnumerable`1&lt;TValue&gt;,System.String,System.Object[])" line-rate="1" branch-rate="1" complexity="NaN">
              <lines />
            </method>
            <method name="ContainValuesAndWhich" signature="(System.Collections.Generic.IEnumerable`1&lt;TValue&gt;,System.String,System.Object[])" line-rate="1" branch-rate="1" complexity="NaN">
              <lines />
            </method>
            <method name="RepetitionPreservingIntersect" signature="(System.Collections.Generic.IEnumerable`1&lt;TValue&gt;,System.Collections.Generic.IEnumerable`1&lt;TValue&gt;)" line-rate="1" branch-rate="1" complexity="NaN">
              <lines />
            </method>
            <method name="NotContainValue" signature="(TValue,System.String,System.Object[])" line-rate="1" branch-rate="1" complexity="NaN">
              <lines />
            </method>
            <method name="NotContainValues" signature="(TValue[])" line-rate="1" branch-rate="1" complexity="NaN">
              <lines />
            </method>
            <method name="NotContainValues" signature="(System.Collections.Generic.IEnumerable`1&lt;TValue&gt;,System.String,System.Object[])" line-rate="1" branch-rate="1" complexity="NaN">
              <lines />
            </method>
            <method name="Contain" signature="(System.Collections.Generic.KeyValuePair`2&lt;TKey,TValue&gt;[])" line-rate="1" branch-rate="1" complexity="NaN">
              <lines />
            </method>
            <method name="Contain" signature="(System.Collections.Generic.IEnumerable`1&lt;System.Collections.Generic.KeyValuePair`2&lt;TKey,TValue&gt;&gt;,System.String,System.Object[])" line-rate="1" branch-rate="1" complexity="NaN">
              <lines />
            </method>
            <method name="Contain" signature="(System.Collections.Generic.KeyValuePair`2&lt;TKey,TValue&gt;,System.String,System.Object[])" line-rate="1" branch-rate="1" complexity="NaN">
              <lines />
            </method>
            <method name="Contain" signature="(TKey,TValue,System.String,System.Object[])" line-rate="1" branch-rate="1" complexity="NaN">
              <lines />
            </method>
            <method name="NotContain" signature="(System.Collections.Generic.KeyValuePair`2&lt;TKey,TValue&gt;[])" line-rate="1" branch-rate="1" complexity="NaN">
              <lines />
            </method>
            <method name="NotContain" signature="(System.Collections.Generic.IEnumerable`1&lt;System.Collections.Generic.KeyValuePair`2&lt;TKey,TValue&gt;&gt;,System.String,System.Object[])" line-rate="1" branch-rate="1" complexity="NaN">
              <lines />
            </method>
            <method name="NotContain" signature="(System.Collections.Generic.KeyValuePair`2&lt;TKey,TValue&gt;,System.String,System.Object[])" line-rate="1" branch-rate="1" complexity="NaN">
              <lines />
            </method>
            <method name="NotContain" signature="(TKey,TValue,System.String,System.Object[])" line-rate="1" branch-rate="1" complexity="NaN">
              <lines />
            </method>
            <method name="GetKeys" signature="(TCollection)" line-rate="1" branch-rate="1" complexity="NaN">
              <lines />
            </method>
            <method name="GetKeys" signature="(T)" line-rate="1" branch-rate="1" complexity="NaN">
              <lines />
            </method>
            <method name="GetValues" signature="(TCollection)" line-rate="1" branch-rate="1" complexity="NaN">
              <lines />
            </method>
            <method name="ContainsKey" signature="(TCollection,TKey)" line-rate="1" branch-rate="1" complexity="NaN">
              <lines />
            </method>
            <method name="TryGetValue" signature="(TCollection,TKey,TValue&amp;)" line-rate="1" branch-rate="1" complexity="NaN">
              <lines />
            </method>
            <method name="GetValue" signature="(TCollection,TKey)" line-rate="1" branch-rate="1" complexity="NaN">
              <lines />
            </method>
            <method name="GetValue" signature="(T,TKey)" line-rate="1" branch-rate="1" complexity="NaN">
              <lines />
            </method>
          </methods>
          <lines />
        </class>
        <class name="FluentAssertions.Collections.MaximumMatching.Element`1" filename="/_/Src/FluentAssertions/Collections/MaximumMatching/Element.cs" line-rate="1" branch-rate="1" complexity="NaN">
          <methods>
            <method name="Index" signature="()" line-rate="1" branch-rate="1" complexity="NaN">
              <lines />
            </method>
            <method name="Value" signature="()" line-rate="1" branch-rate="1" complexity="NaN">
              <lines />
            </method>
            <method name=".ctor" signature="(TValue,System.Int32)" line-rate="1" branch-rate="1" complexity="NaN">
              <lines />
            </method>
          </methods>
          <lines />
        </class>
        <class name="FluentAssertions.Collections.MaximumMatching.MaximumMatchingProblem`1" filename="/_/Src/FluentAssertions/Collections/MaximumMatching/MaximumMatchingProblem.cs" line-rate="1" branch-rate="1" complexity="1">
          <methods>
            <method name="Predicates" signature="()" line-rate="1" branch-rate="1" complexity="NaN">
              <lines />
            </method>
            <method name="Elements" signature="()" line-rate="1" branch-rate="1" complexity="NaN">
              <lines />
            </method>
            <method name=".ctor" signature="(System.Collections.Generic.IEnumerable`1&lt;System.Linq.Expressions.Expression`1&lt;System.Func`2&lt;TValue,System.Boolean&gt;&gt;&gt;,System.Collections.Generic.IEnumerable`1&lt;TValue&gt;)" line-rate="1" branch-rate="1" complexity="NaN">
              <lines />
            </method>
            <method name="Solve" signature="()" line-rate="1" branch-rate="1" complexity="1">
              <lines />
            </method>
          </methods>
          <lines />
        </class>
        <class name="FluentAssertions.Collections.MaximumMatching.MaximumMatchingSolution`1" filename="/_/Src/FluentAssertions/Collections/MaximumMatching/MaximumMatchingSolution.cs" line-rate="1" branch-rate="1" complexity="2">
          <methods>
            <method name="UnmatchedPredicatesExist" signature="()" line-rate="1" branch-rate="1" complexity="NaN">
              <lines />
            </method>
            <method name="UnmatchedElementsExist" signature="()" line-rate="1" branch-rate="1" complexity="NaN">
              <lines />
            </method>
            <method name=".ctor" signature="(FluentAssertions.Collections.MaximumMatching.MaximumMatchingProblem`1&lt;TValue&gt;,System.Collections.Generic.Dictionary`2&lt;FluentAssertions.Collections.MaximumMatching.Predicate`1&lt;TValue&gt;,FluentAssertions.Collections.MaximumMatching.Element`1&lt;TValue&gt;&gt;)" line-rate="1" branch-rate="1" complexity="NaN">
              <lines />
            </method>
            <method name="GetUnmatchedPredicates" signature="()" line-rate="1" branch-rate="1" complexity="1">
              <lines />
            </method>
            <method name="GetUnmatchedElements" signature="()" line-rate="1" branch-rate="1" complexity="1">
              <lines />
            </method>
          </methods>
          <lines />
        </class>
        <class name="FluentAssertions.Collections.MaximumMatching.MaximumMatchingSolver`1" filename="/_/Src/FluentAssertions/Collections/MaximumMatching/MaximumMatchingSolver.cs" line-rate="1" branch-rate="1" complexity="11">
          <methods>
            <method name=".ctor" signature="(FluentAssertions.Collections.MaximumMatching.MaximumMatchingProblem`1&lt;TValue&gt;)" line-rate="1" branch-rate="1" complexity="NaN">
              <lines />
            </method>
            <method name="Solve" signature="()" line-rate="1" branch-rate="1" complexity="4">
              <lines />
            </method>
            <method name="FindMatchForPredicate" signature="(FluentAssertions.Collections.MaximumMatching.Predicate`1&lt;TValue&gt;,FluentAssertions.Collections.MaximumMatching.MaximumMatchingSolver`1/MatchCollection&lt;TValue&gt;)" line-rate="1" branch-rate="1" complexity="NaN">
              <lines />
            </method>
            <method name="GetMatchingElements" signature="(FluentAssertions.Collections.MaximumMatching.Predicate`1&lt;TValue&gt;)" line-rate="1" branch-rate="1" complexity="NaN">
              <lines />
            </method>
            <method name="UpdateFrom" signature="(System.Collections.Generic.IEnumerable`1&lt;FluentAssertions.Collections.MaximumMatching.MaximumMatchingSolver`1/Match&lt;TValue&gt;&gt;)" line-rate="1" branch-rate="1" complexity="NaN">
              <lines />
            </method>
            <method name="GetMatchedPredicate" signature="(FluentAssertions.Collections.MaximumMatching.Element`1&lt;TValue&gt;)" line-rate="1" branch-rate="1" complexity="NaN">
              <lines />
            </method>
            <method name="Contains" signature="(FluentAssertions.Collections.MaximumMatching.Element`1&lt;TValue&gt;)" line-rate="1" branch-rate="1" complexity="NaN">
              <lines />
            </method>
            <method name="GetEnumerator" signature="()" line-rate="1" branch-rate="1" complexity="1">
              <lines />
            </method>
            <method name="System.Collections.IEnumerable.GetEnumerator" signature="()" line-rate="1" branch-rate="1" complexity="1">
              <lines />
            </method>
            <method name=".ctor" signature="()" line-rate="1" branch-rate="1" complexity="1">
              <lines />
            </method>
            <method name=".ctor" signature="(FluentAssertions.Collections.MaximumMatching.Predicate`1&lt;TValue&gt;,FluentAssertions.Collections.MaximumMatching.MaximumMatchingSolver`1/MatchCollection&lt;TValue&gt;)" line-rate="1" branch-rate="1" complexity="NaN">
              <lines />
            </method>
            <method name="TryDequeueUnMatchedPredicate" signature="(FluentAssertions.Collections.MaximumMatching.Predicate`1&lt;TValue&gt;&amp;)" line-rate="1" branch-rate="1" complexity="NaN">
              <lines />
            </method>
            <method name="ReassignElement" signature="(FluentAssertions.Collections.MaximumMatching.Element`1&lt;TValue&gt;,FluentAssertions.Collections.MaximumMatching.Predicate`1&lt;TValue&gt;)" line-rate="1" branch-rate="1" complexity="NaN">
              <lines />
            </method>
            <method name="GetMatchChain" signature="()" line-rate="1" branch-rate="1" complexity="4">
              <lines />
            </method>
          </methods>
          <lines />
        </class>
        <class name="FluentAssertions.Collections.MaximumMatching.Predicate`1" filename="/_/Src/FluentAssertions/Collections/MaximumMatching/Predicate.cs" line-rate="1" branch-rate="1" complexity="1">
          <methods>
            <method name="Index" signature="()" line-rate="1" branch-rate="1" complexity="NaN">
              <lines />
            </method>
            <method name="Expression" signature="()" line-rate="1" branch-rate="1" complexity="NaN">
              <lines />
            </method>
            <method name=".ctor" signature="(System.Linq.Expressions.Expression`1&lt;System.Func`2&lt;TValue,System.Boolean&gt;&gt;,System.Int32)" line-rate="1" branch-rate="1" complexity="NaN">
              <lines />
            </method>
            <method name="Matches" signature="(TValue)" line-rate="1" branch-rate="1" complexity="NaN">
              <lines />
            </method>
            <method name="ToString" signature="()" line-rate="1" branch-rate="1" complexity="1">
              <lines />
            </method>
          </methods>
          <lines />
        </class>
        <class name="FluentAssertions.Collections.StringCollectionAssertions" filename="/_/Src/FluentAssertions/Collections/StringCollectionAssertions.cs" line-rate="1" branch-rate="1" complexity="NaN">
          <methods>
            <method name=".ctor" signature="(System.Collections.Generic.IEnumerable`1&lt;System.String&gt;)" line-rate="1" branch-rate="1" complexity="NaN">
              <lines />
            </method>
          </methods>
          <lines />
        </class>
[...]
                <line number="222" hits="0" branch="false" />
                <line number="226" hits="0" branch="false" />
                <line number="227" hits="0" branch="false" />
                <line number="228" hits="0" branch="false" />
                <line number="229" hits="0" branch="false" />
                <line number="230" hits="0" branch="false" />
                <line number="231" hits="0" branch="false" />
                <line number="232" hits="0" branch="false" />
                <line number="236" hits="0" branch="false" />
                <line number="237" hits="0" branch="false" />
                <line number="238" hits="0" branch="false" />
                <line number="239" hits="0" branch="false" />
                <line number="240" hits="0" branch="false" />
                <line number="241" hits="0" branch="false" />
                <line number="242" hits="0" branch="false" />
                <line number="246" hits="0" branch="false" />
                <line number="247" hits="0" branch="false" />
                <line number="248" hits="0" branch="false" />
                <line number="249" hits="0" branch="false" />
                <line number="250" hits="0" branch="false" />
                <line number="251" hits="0" branch="false" />
                <line number="252" hits="0" branch="false" />
                <line number="256" hits="0" branch="false" />
                <line number="257" hits="0" branch="false" />
                <line number="258" hits="0" branch="false" />
                <line number="259" hits="0" branch="false" />
                <line number="260" hits="0" branch="false" />
                <line number="261" hits="0" branch="false" />
                <line number="262" hits="0" branch="false" />
                <line number="266" hits="0" branch="false" />
                <line number="267" hits="0" branch="false" />
                <line number="268" hits="0" branch="false" />
                <line number="269" hits="0" branch="false" />
                <line number="270" hits="0" branch="false" />
                <line number="271" hits="0" branch="false" />
                <line number="272" hits="0" branch="false" />
                <line number="276" hits="0" branch="false" />
                <line number="280" hits="0" branch="false" />
                <line number="281" hits="0" branch="false" />
                <line number="282" hits="0" branch="false" />
                <line number="283" hits="0" branch="false" />
                <line number="284" hits="0" branch="false" />
                <line number="285" hits="0" branch="false" />
                <line number="286" hits="0" branch="false" />
                <line number="287" hits="0" branch="false" />
                <line number="291" hits="0" branch="false" />
                <line number="292" hits="0" branch="false" />
                <line number="293" hits="0" branch="false" />
                <line number="294" hits="0" branch="false" />
                <line number="295" hits="0" branch="false" />
                <line number="296" hits="0" branch="false" />
                <line number="297" hits="0" branch="false" />
                <line number="298" hits="0" branch="false" />
                <line number="299" hits="0" branch="false" />
                <line number="300" hits="0" branch="false" />
                <line number="301" hits="0" branch="false" />
                <line number="302" hits="0" branch="false" />
                <line number="303" hits="0" branch="false" />
                <line number="304" hits="0" branch="false" />
                <line number="305" hits="0" branch="false" />
                <line number="306" hits="0" branch="false" />
                <line number="307" hits="0" branch="false" />
                <line number="308" hits="0" branch="false" />
                <line number="309" hits="0" branch="false" />
                <line number="310" hits="0" branch="false" />
                <line number="311" hits="0" branch="false" />
                <line number="312" hits="0" branch="false" />
                <line number="313" hits="0" branch="false" />
                <line number="314" hits="0" branch="false" />
                <line number="315" hits="0" branch="false" />
                <line number="316" hits="0" branch="false" />
                <line number="317" hits="0" branch="false" />
                <line number="318" hits="0" branch="false" />
                <line number="319" hits="0" branch="false" />
                <line number="320" hits="0" branch="false" />
                <line number="321" hits="0" branch="false" />
                <line number="322" hits="0" branch="false" />
                <line number="323" hits="0" branch="false" />
                <line number="324" hits="0" branch="false" />
                <line number="325" hits="0" branch="false" />
                <line number="326" hits="0" branch="false" />
                <line number="328" hits="0" branch="false" />
              </lines>
            </method>
          </methods>
          <lines>
            <line number="8" hits="0" branch="false" />
            <line number="15" hits="0" branch="false" />
            <line number="16" hits="0" branch="true" condition-coverage="0% (0/4)" />
            <line number="17" hits="0" branch="false" />
            <line number="18" hits="0" branch="false" />
            <line number="19" hits="0" branch="false" />
            <line number="20" hits="0" branch="false" />
            <line number="21" hits="0" branch="false" />
            <line number="30" hits="0" branch="false" />
            <line number="31" hits="0" branch="false" />
            <line number="32" hits="0" branch="false" />
            <line number="33" hits="0" branch="false" />
            <line number="34" hits="0" branch="false" />
            <line number="35" hits="0" branch="false" />
            <line number="36" hits="0" branch="false" />
            <line number="37" hits="0" branch="false" />
            <line number="38" hits="0" branch="false" />
            <line number="39" hits="0" branch="false" />
            <line number="40" hits="0" branch="false" />
            <line number="41" hits="0" branch="false" />
            <line number="42" hits="0" branch="false" />
            <line number="43" hits="0" branch="false" />
            <line number="44" hits="0" branch="false" />
            <line number="45" hits="0" branch="false" />
            <line number="46" hits="0" branch="false" />
            <line number="47" hits="0" branch="false" />
            <line number="48" hits="0" branch="false" />
            <line number="49" hits="0" branch="false" />
            <line number="50" hits="0" branch="false" />
            <line number="51" hits="0" branch="false" />
            <line number="52" hits="0" branch="false" />
            <line number="53" hits="0" branch="false" />
            <line number="54" hits="0" branch="false" />
            <line number="55" hits="0" branch="false" />
            <line number="56" hits="0" branch="false" />
            <line number="57" hits="0" branch="false" />
            <line number="58" hits="0" branch="false" />
            <line number="59" hits="0" branch="false" />
            <line number="60" hits="0" branch="false" />
            <line number="61" hits="0" branch="false" />
            <line number="65" hits="0" branch="false" />
            <line number="66" hits="0" branch="false" />
            <line number="67" hits="0" branch="false" />
            <line number="68" hits="0" branch="false" />
            <line number="69" hits="0" branch="false" />
            <line number="70" hits="0" branch="false" />
            <line number="71" hits="0" branch="false" />
            <line number="72" hits="0" branch="false" />
            <line number="73" hits="0" branch="false" />
            <line number="77" hits="0" branch="false" />
            <line number="78" hits="0" branch="false" />
            <line number="79" hits="0" branch="false" />
            <line number="80" hits="0" branch="false" />
            <line number="81" hits="0" branch="false" />
            <line number="85" hits="0" branch="false" />
            <line number="86" hits="0" branch="false" />
            <line number="87" hits="0" branch="false" />
            <line number="88" hits="0" branch="false" />
            <line number="89" hits="0" branch="false" />
            <line number="90" hits="0" branch="false" />
            <line number="91" hits="0" branch="false" />
            <line number="92" hits="0" branch="false" />
            <line number="96" hits="0" branch="false" />
            <line number="97" hits="0" branch="false" />
            <line number="98" hits="0" branch="false" />
            <line number="99" hits="0" branch="false" />
            <line number="100" hits="0" branch="false" />
            <line number="101" hits="0" branch="false" />
            <line number="102" hits="0" branch="false" />
            <line number="103" hits="0" branch="false" />
            <line number="107" hits="0" branch="false" />
            <line number="108" hits="0" branch="false" />
            <line number="109" hits="0" branch="false" />
            <line number="110" hits="0" branch="false" />
            <line number="111" hits="0" branch="false" />
            <line number="112" hits="0" branch="false" />
            <line number="113" hits="0" branch="false" />
            <line number="117" hits="0" branch="false" />
            <line number="118" hits="0" branch="false" />
            <line number="119" hits="0" branch="false" />
            <line number="120" hits="0" branch="false" />
            <line number="121" hits="0" branch="false" />
            <line number="122" hits="0" branch="false" />
            <line number="123" hits="0" branch="false" />
            <line number="127" hits="0" branch="false" />
            <line number="128" hits="0" branch="false" />
            <line number="129" hits="0" branch="false" />
            <line number="130" hits="0" branch="false" />
            <line number="131" hits="0" branch="false" />
            <line number="132" hits="0" branch="false" />
            <line number="133" hits="0" branch="false" />
            <line number="137" hits="0" branch="false" />
            <line number="138" hits="0" branch="false" />
            <line number="139" hits="0" branch="false" />
            <line number="140" hits="0" branch="false" />
            <line number="141" hits="0" branch="false" />
            <line number="142" hits="0" branch="false" />
            <line number="143" hits="0" branch="false" />
            <line number="147" hits="0" branch="false" />
            <line number="148" hits="0" branch="false" />
            <line number="149" hits="0" branch="false" />
            <line number="150" hits="0" branch="false" />
            <line number="151" hits="0" branch="false" />
            <line number="152" hits="0" branch="false" />
            <line number="153" hits="0" branch="false" />
            <line number="157" hits="0" branch="false" />
            <line number="158" hits="0" branch="false" />
            <line number="159" hits="0" branch="false" />
            <line number="160" hits="0" branch="false" />
            <line number="161" hits="0" branch="false" />
            <line number="162" hits="0" branch="false" />
            <line number="163" hits="0" branch="false" />
            <line number="167" hits="0" branch="false" />
            <line number="168" hits="0" branch="false" />
            <line number="169" hits="0" branch="false" />
            <line number="170" hits="0" branch="false" />
            <line number="171" hits="0" branch="false" />
            <line number="172" hits="0" branch="false" />
            <line number="173" hits="0" branch="false" />
            <line number="177" hits="0" branch="false" />
            <line number="178" hits="0" branch="false" />
            <line number="179" hits="0" branch="false" />
            <line number="180" hits="0" branch="false" />
            <line number="181" hits="0" branch="false" />
            <line number="182" hits="0" branch="false" />
            <line number="183" hits="0" branch="false" />
            <line number="187" hits="0" branch="false" />
            <line number="188" hits="0" branch="false" />
            <line number="189" hits="0" branch="false" />
            <line number="190" hits="0" branch="false" />
            <line number="191" hits="0" branch="false" />
            <line number="192" hits="0" branch="false" />
            <line number="193" hits="0" branch="false" />
            <line number="194" hits="0" branch="false" />
            <line number="195" hits="0" branch="false" />
            <line number="196" hits="0" branch="false" />
            <line number="200" hits="0" branch="false" />
            <line number="201" hits="0" branch="false" />
            <line number="202" hits="0" branch="false" />
            <line number="203" hits="0" branch="false" />
            <line number="204" hits="0" branch="false" />
            <line number="205" hits="0" branch="false" />
            <line number="206" hits="0" branch="false" />
            <line number="207" hits="0" branch="false" />
            <line number="208" hits="0" branch="false" />
            <line number="209" hits="0" branch="false" />
            <line number="213" hits="0" branch="false" />
            <line number="214" hits="0" branch="false" />
            <line number="215" hits="0" branch="false" />
            <line number="216" hits="0" branch="false" />
            <line number="217" hits="0" branch="false" />
            <line number="218" hits="0" branch="false" />
            <line number="219" hits="0" branch="false" />
            <line number="220" hits="0" branch="false" />
            <line number="221" hits="0" branch="false" />
            <line number="222" hits="0" branch="false" />
            <line number="226" hits="0" branch="false" />
            <line number="227" hits="0" branch="false" />
            <line number="228" hits="0" branch="false" />
            <line number="229" hits="0" branch="false" />
            <line number="230" hits="0" branch="false" />
            <line number="231" hits="0" branch="false" />
            <line number="232" hits="0" branch="false" />
            <line number="236" hits="0" branch="false" />
            <line number="237" hits="0" branch="false" />
            <line number="238" hits="0" branch="false" />
            <line number="239" hits="0" branch="false" />
            <line number="240" hits="0" branch="false" />
            <line number="241" hits="0" branch="false" />
            <line number="242" hits="0" branch="false" />
            <line number="246" hits="0" branch="false" />
            <line number="247" hits="0" branch="false" />
            <line number="248" hits="0" branch="false" />
            <line number="249" hits="0" branch="false" />
            <line number="250" hits="0" branch="false" />
            <line number="251" hits="0" branch="false" />
            <line number="252" hits="0" branch="false" />
            <line number="256" hits="0" branch="false" />
            <line number="257" hits="0" branch="false" />
            <line number="258" hits="0" branch="false" />
            <line number="259" hits="0" branch="false" />
            <line number="260" hits="0" branch="false" />
            <line number="261" hits="0" branch="false" />
            <line number="262" hits="0" branch="false" />
            <line number="266" hits="0" branch="false" />
            <line number="267" hits="0" branch="false" />
            <line number="268" hits="0" branch="false" />
            <line number="269" hits="0" branch="false" />
            <line number="270" hits="0" branch="false" />
            <line number="271" hits="0" branch="false" />
            <line number="272" hits="0" branch="false" />
            <line number="276" hits="0" branch="false" />
            <line number="280" hits="0" branch="false" />
            <line number="281" hits="0" branch="false" />
            <line number="282" hits="0" branch="false" />
            <line number="283" hits="0" branch="false" />
            <line number="284" hits="0" branch="false" />
            <line number="285" hits="0" branch="false" />
            <line number="286" hits="0" branch="false" />
            <line number="287" hits="0" branch="false" />
            <line number="291" hits="0" branch="false" />
            <line number="292" hits="0" branch="false" />
            <line number="293" hits="0" branch="false" />
            <line number="294" hits="0" branch="false" />
            <line number="295" hits="0" branch="false" />
            <line number="296" hits="0" branch="false" />
            <line number="297" hits="0" branch="false" />
            <line number="298" hits="0" branch="false" />
            <line number="299" hits="0" branch="false" />
            <line number="300" hits="0" branch="false" />
            <line number="301" hits="0" branch="false" />
            <line number="302" hits="0" branch="false" />
            <line number="303" hits="0" branch="false" />
            <line number="304" hits="0" branch="false" />
            <line number="305" hits="0" branch="false" />
            <line number="306" hits="0" branch="false" />
            <line number="307" hits="0" branch="false" />
            <line number="308" hits="0" branch="false" />
            <line number="309" hits="0" branch="false" />
            <line number="310" hits="0" branch="false" />
            <line number="311" hits="0" branch="false" />
            <line number="312" hits="0" branch="false" />
            <line number="313" hits="0" branch="false" />
            <line number="314" hits="0" branch="false" />
            <line number="315" hits="0" branch="false" />
            <line number="316" hits="0" branch="false" />
            <line number="317" hits="0" branch="false" />
            <line number="318" hits="0" branch="false" />
            <line number="319" hits="0" branch="false" />
            <line number="320" hits="0" branch="false" />
            <line number="321" hits="0" branch="false" />
            <line number="322" hits="0" branch="false" />
            <line number="323" hits="0" branch="false" />
            <line number="324" hits="0" branch="false" />
            <line number="325" hits="0" branch="false" />
            <line number="326" hits="0" branch="false" />
            <line number="328" hits="0" branch="false" />
          </lines>
        </class>
        <class name="NumericMethodsLab1.Program" filename="D:\c#\NumericMethodsLab1\WindowsFormsApp1\Program.cs" line-rate="0" branch-rate="1" complexity="1">
          <methods>
            <method name="Main" signature="()" line-rate="0" branch-rate="1" complexity="1">
              <lines>
                <line number="13" hits="0" branch="false" />
                <line number="14" hits="0" branch="false" />
                <line number="15" hits="0" branch="false" />
                <line number="16" hits="0" branch="false" />
                <line number="17" hits="0" branch="false" />
              </lines>
            </method>
          </methods>
          <lines>
            <line number="13" hits="0" branch="false" />
            <line number="14" hits="0" branch="false" />
            <line number="15" hits="0" branch="false" />
            <line number="16" hits="0" branch="false" />
            <line number="17" hits="0" branch="false" />
          </lines>
        </class>
      </classes>
    </package>
  </packages>
</coverage>